

*******************************************************************************
Fri Mar 10 17:05:22 2023


FIT:    data read from 't.dat' u ($1*2*pi/360):2
        format = x:z
        #datapoints = 13
        residuals are weighted equally (unit weight)

function used for fitting: f(x)
	f(x) = a1*cos(b1*x) + a2*cos(b2*x)
fitted parameters initialized with current variable values

iter      chisq       delta/lim  lambda   a1            b1            a2            b2           
   0 2.2408537437e+06   0.00e+00  9.55e-01    1.000000e+00   1.000000e+00   1.000000e+00   1.000000e+00
   3 3.0584286299e+05   0.00e+00  9.55e+08    2.445247e+02  -1.679571e+02   2.445247e+02  -1.679571e+02

After 3 iterations the fit converged.
final sum of squares of residuals : 305843
rel. change during last iteration : 0

degrees of freedom    (FIT_NDF)                        : 9
rms of residuals      (FIT_STDFIT) = sqrt(WSSR/ndf)    : 184.344
variance of residuals (reduced chisquare) = WSSR/ndf   : 33982.5

Final set of parameters            Asymptotic Standard Error
=======================            ==========================
a1              = 244.525          +/- 3.464e+14    (1.416e+14%)
b1              = -167.957         +/- 1.255e+11    (7.473e+10%)
a2              = 244.525          +/- 3.464e+14    (1.416e+14%)
b2              = -167.957         +/- 1.255e+11    (7.473e+10%)

correlation matrix of the fit parameters:
                a1     b1     a2     b2     
a1              1.000 
b1              1.000  1.000 
a2             -1.000 -1.000  1.000 
b2             -1.000 -1.000  1.000  1.000 


*******************************************************************************
Fri Mar 10 17:06:34 2023


FIT:    data read from 't.dat' u ($1*2*pi/360):2
        format = x:z
        #datapoints = 13
        residuals are weighted equally (unit weight)

function used for fitting: f(x)
	f(x) = a1*cos(b1*x+c1) + a2*cos(b2*x+c2)
fitted parameters initialized with current variable values

iter      chisq       delta/lim  lambda   a1            b1            c1            a2            b2            c2           
   0 4.4426831418e+05   0.00e+00  3.86e+04    2.445247e+02  -1.679571e+02   1.000000e+00   2.445247e+02  -1.679571e+02   1.000000e+00
1180 3.6548302810e+05  -3.65e-02  3.86e+03    2.498558e+02  -1.680209e+02   9.665255e-01   2.498559e+02  -1.679686e+02   9.665256e-01

After 1180 iterations the fit converged.
final sum of squares of residuals : 365483
rel. change during last iteration : -3.65287e-07

degrees of freedom    (FIT_NDF)                        : 7
rms of residuals      (FIT_STDFIT) = sqrt(WSSR/ndf)    : 228.499
variance of residuals (reduced chisquare) = WSSR/ndf   : 52211.9

Final set of parameters            Asymptotic Standard Error
=======================            ==========================
a1              = 249.856          +/- 1.704e+09    (6.82e+08%)
b1              = -168.021         +/- 6673         (3972%)
c1              = 0.966526         +/- 3.135e+06    (3.243e+08%)
a2              = 249.856          +/- 9.281e+08    (3.715e+08%)
b2              = -167.969         +/- 2.515e+04    (1.498e+04%)
c2              = 0.966526         +/- 4.137e+06    (4.28e+08%)

correlation matrix of the fit parameters:
                a1     b1     c1     a2     b2     c2     
a1              1.000 
b1              0.997  1.000 
c1              1.000  0.995  1.000 
a2              1.000  0.996  1.000  1.000 
b2             -0.998 -1.000 -0.997 -0.998  1.000 
c2              1.000  0.997  1.000  1.000 -0.999  1.000 


*******************************************************************************
Fri Mar 10 17:07:25 2023


FIT:    data read from 't.dat' u ($1*2*pi/360):2
        format = x:z
        #datapoints = 13
        residuals are weighted equally (unit weight)

function used for fitting: g(x)
	g(x) = a*cos(b*x+c)
fitted parameters initialized with current variable values

iter      chisq       delta/lim  lambda   a             b             c            
   0 2.2411781711e+06   0.00e+00  1.03e+00    1.000000e+00   1.000000e+00   1.000000e+00
  75 1.9457049278e+06  -8.31e-01  1.03e-09    2.244124e+02  -1.555080e+00  -2.827433e+01

After 75 iterations the fit converged.
final sum of squares of residuals : 1.9457e+06
rel. change during last iteration : -8.31127e-06

degrees of freedom    (FIT_NDF)                        : 10
rms of residuals      (FIT_STDFIT) = sqrt(WSSR/ndf)    : 441.101
variance of residuals (reduced chisquare) = WSSR/ndf   : 194570

Final set of parameters            Asymptotic Standard Error
=======================            ==========================
a               = 224.412          +/- 182.4        (81.27%)
b               = -1.55508         +/- 0.3448       (22.17%)
c               = -28.2743         +/- 0.7362       (2.604%)

correlation matrix of the fit parameters:
                a      b      c      
a               1.000 
b              -0.057  1.000 
c              -0.013  0.000  1.000 
